// Not patch
INFO:root:Train:
INFO:root:=======> Reading Data...
INFO:root:=======> Read Data time = 1.1470911502838135
INFO:root:

INFO:root:=======> Splitting Data into Train/Test...
INFO:root:=======> Split time = 0.10129761695861816
INFO:root:

INFO:root:=======> Running DBSCAN Clustering and filtering for classification...
INFO:root:=======> DBSCAN Clustering time = 190.80374908447266
INFO:root:

INFO:root:=======> Length of training dataframe post clustering = 961
INFO:root:=======> Value counts of labeled data on training set = 0.3028095733610822
INFO:root:=======> Value counts of labeled data on test set = 0.0017321489179921118
INFO:root:=======> Length of full training dataframe = 199364
INFO:root:

INFO:root:=======> Training model_cluster on clustered data
INFO:root:=======> XGB training time for clustered data = 0.4369499683380127
INFO:root:

INFO:root:=======> Training model on Full data
INFO:root:=======> XGB training time for full data = 2.191565752029419
INFO:root:



// patch
INFO:root:Train:
INFO:root:=======> Reading Data...
INFO:root:=======> Read Data time = 1.1732511520385742
INFO:root:

INFO:root:=======> Splitting Data into Train/Test...
INFO:root:sklearn.utils.validation._assert_all_finite: fallback to original Scikit-learn
INFO:root:sklearn.utils.validation._assert_all_finite: fallback to original Scikit-learn
INFO:root:sklearn.model_selection.train_test_split: running accelerated version on CPU
INFO:root:sklearn.model_selection.train_test_split: running accelerated version on CPU
INFO:root:=======> Split time = 0.1667325496673584
INFO:root:

INFO:root:=======> Running DBSCAN Clustering and filtering for classification...
INFO:root:sklearn.utils.validation._assert_all_finite: running accelerated version on CPU
INFO:root:sklearn.utils.validation._assert_all_finite: running accelerated version on CPU
INFO:root:sklearn.cluster.DBSCAN.fit: running accelerated version on CPU
INFO:root:sklearn.utils.validation._assert_all_finite: running accelerated version on CPU
INFO:root:=======> DBSCAN Clustering time = 16.13425374031067
INFO:root:

INFO:root:=======> Length of training dataframe post clustering = 961
INFO:root:=======> Value counts of labeled data on training set = 0.3028095733610822
INFO:root:=======> Value counts of labeled data on test set = 0.0017321489179921118
INFO:root:=======> Length of full training dataframe = 199364
INFO:root:

INFO:root:=======> Training model_cluster on clustered data
INFO:root:=======> XGB training time for clustered data = 0.4532766342163086
INFO:root:

INFO:root:=======> Training model on Full data
INFO:root:=======> XGB training time for full data = 2.068253993988037
INFO:root:




