// Not patch
INFO:root:Hyper:
INFO:root:=======> Reading Data...
INFO:root:=======> Read Data time = 1.2878568172454834
INFO:root:

INFO:root:=======> Split time = 0.13261008262634277
INFO:root:

INFO:root:=======> Running DBSCAN Clustering and filtering for classification...
INFO:root:=======> DBSCAN Clustering time = 134.73025178909302
INFO:root:

INFO:root:=======> Length of training dataframe post clustering = 961
INFO:root:=======> Value counts of labeled data on training set = 0.3028095733610822
INFO:root:=======> Value counts of labeled data on test set = 0.0017321489179921118
INFO:root:=======> Length of full training dataframe = 199364
INFO:root:

INFO:root:=======> Training model_cluster on clustered data
INFO:root:=======> XGB training time for clustered data = 6.921048164367676
INFO:root:

INFO:root:=======> Training model on Full data
INFO:root:=======> XGB training time for full data = 45.50459361076355
INFO:root:



// patch
INFO:root:Hyper:
INFO:root:=======> Reading Data...
INFO:root:=======> Read Data time = 1.2158401012420654
INFO:root:

INFO:root:sklearn.utils.validation._assert_all_finite: fallback to original Scikit-learn
INFO:root:sklearn.utils.validation._assert_all_finite: fallback to original Scikit-learn
INFO:root:sklearn.model_selection.train_test_split: running accelerated version on CPU
INFO:root:sklearn.model_selection.train_test_split: running accelerated version on CPU
INFO:root:=======> Split time = 0.12814021110534668
INFO:root:

INFO:root:=======> Running DBSCAN Clustering and filtering for classification...
INFO:root:sklearn.utils.validation._assert_all_finite: running accelerated version on CPU
INFO:root:sklearn.utils.validation._assert_all_finite: running accelerated version on CPU
INFO:root:sklearn.cluster.DBSCAN.fit: running accelerated version on CPU
INFO:root:sklearn.utils.validation._assert_all_finite: running accelerated version on CPU
INFO:root:=======> DBSCAN Clustering time = 5.667462587356567
INFO:root:

INFO:root:=======> Length of training dataframe post clustering = 961
INFO:root:=======> Value counts of labeled data on training set = 0.3028095733610822
INFO:root:=======> Value counts of labeled data on test set = 0.0017321489179921118
INFO:root:=======> Length of full training dataframe = 199364
INFO:root:

INFO:root:=======> Training model_cluster on clustered data
INFO:root:=======> XGB training time for clustered data = 6.866415500640869
INFO:root:

INFO:root:=======> Training model on Full data
INFO:root:sklearn.utils.validation._assert_all_finite: fallback to original Scikit-learn
INFO:root:=======> XGB training time for full data = 45.62429070472717
INFO:root:




