// Not patch
INFO:root:Train:
INFO:root:=======> Reading Data...
INFO:root:=======> Read Data time = 1.225275993347168
INFO:root:

INFO:root:=======> Splitting Data into Train/Test...
INFO:root:=======> Split time = 0.13161683082580566
INFO:root:

INFO:root:=======> Running DBSCAN Clustering and filtering for classification...
INFO:root:=======> DBSCAN Clustering time = 138.13937163352966
INFO:root:

INFO:root:=======> Length of training dataframe post clustering = 961
INFO:root:=======> Value counts of labeled data on training set = 0.3028095733610822
INFO:root:=======> Value counts of labeled data on test set = 0.0017321489179921118
INFO:root:=======> Length of full training dataframe = 199364
INFO:root:

INFO:root:=======> Training model_cluster on clustered data
INFO:root:=======> XGB training time for clustered data = 0.2632324695587158
INFO:root:

INFO:root:=======> Training model on Full data
INFO:root:=======> XGB training time for full data = 1.8182964324951172
INFO:root:



// patch
INFO:root:Train:
INFO:root:=======> Reading Data...
INFO:root:=======> Read Data time = 1.2213029861450195
INFO:root:

INFO:root:=======> Splitting Data into Train/Test...
INFO:root:sklearn.utils.validation._assert_all_finite: fallback to original Scikit-learn
INFO:root:sklearn.utils.validation._assert_all_finite: fallback to original Scikit-learn
INFO:root:sklearn.model_selection.train_test_split: running accelerated version on CPU
INFO:root:sklearn.model_selection.train_test_split: running accelerated version on CPU
INFO:root:=======> Split time = 0.6047699451446533
INFO:root:

INFO:root:=======> Running DBSCAN Clustering and filtering for classification...
INFO:root:sklearn.utils.validation._assert_all_finite: running accelerated version on CPU
INFO:root:sklearn.utils.validation._assert_all_finite: running accelerated version on CPU
INFO:root:sklearn.cluster.DBSCAN.fit: running accelerated version on CPU
INFO:root:sklearn.utils.validation._assert_all_finite: running accelerated version on CPU
INFO:root:=======> DBSCAN Clustering time = 5.795602798461914
INFO:root:

INFO:root:=======> Length of training dataframe post clustering = 961
INFO:root:=======> Value counts of labeled data on training set = 0.3028095733610822
INFO:root:=======> Value counts of labeled data on test set = 0.0017321489179921118
INFO:root:=======> Length of full training dataframe = 199364
INFO:root:

INFO:root:=======> Training model_cluster on clustered data
INFO:root:=======> XGB training time for clustered data = 0.25627923011779785
INFO:root:

INFO:root:=======> Training model on Full data
INFO:root:=======> XGB training time for full data = 1.7870066165924072
INFO:root:




