// Not patch
INFO:root:Hyper:
INFO:root:=======> Reading Data...
INFO:root:=======> Read Data time = 1.2396798133850098
INFO:root:

INFO:root:=======> Split time = 0.1410536766052246
INFO:root:

INFO:root:=======> Running DBSCAN Clustering and filtering for classification...
INFO:root:=======> DBSCAN Clustering time = 144.92781043052673
INFO:root:

INFO:root:=======> Length of training dataframe post clustering = 961
INFO:root:=======> Value counts of labeled data on training set = 0.3028095733610822
INFO:root:=======> Value counts of labeled data on test set = 0.0017321489179921118
INFO:root:=======> Length of full training dataframe = 199364
INFO:root:

INFO:root:=======> Training model_cluster on clustered data
INFO:root:=======> RF training time for clustered data = 17.95136570930481
INFO:root:

INFO:root:=======> Training model on Full data
INFO:root:=======> RF training time for full data = 2488.290523290634
INFO:root:



// patch
INFO:root:Hyper:
INFO:root:=======> Reading Data...
INFO:root:=======> Read Data time = 1.3305697441101074
INFO:root:

DEBUG:root:sklearn.utils.validation._assert_all_finite: debugging for the patch is enabled to track the usage of Intel\xae oneAPI Data Analytics Library (oneDAL)
DEBUG:root:sklearn.utils.validation._assert_all_finite: patching failed with cause - X dtype is not float32 or float64.
INFO:root:sklearn.utils.validation._assert_all_finite: fallback to original Scikit-learn
DEBUG:root:sklearn.utils.validation._assert_all_finite: debugging for the patch is enabled to track the usage of Intel\xae oneAPI Data Analytics Library (oneDAL)
DEBUG:root:sklearn.utils.validation._assert_all_finite: patching failed with cause - X dtype is not float32 or float64.
INFO:root:sklearn.utils.validation._assert_all_finite: fallback to original Scikit-learn
INFO:root:sklearn.model_selection.train_test_split: running accelerated version on CPU
INFO:root:sklearn.model_selection.train_test_split: running accelerated version on CPU
INFO:root:=======> Split time = 0.12168264389038086
INFO:root:

INFO:root:=======> Running DBSCAN Clustering and filtering for classification...
INFO:root:sklearn.utils.validation._assert_all_finite: running accelerated version on CPU
INFO:root:sklearn.utils.validation._assert_all_finite: running accelerated version on CPU
INFO:root:sklearn.cluster.DBSCAN.fit: running accelerated version on CPU
INFO:root:sklearn.utils.validation._assert_all_finite: running accelerated version on CPU
INFO:root:=======> DBSCAN Clustering time = 5.814972639083862
INFO:root:

INFO:root:=======> Length of training dataframe post clustering = 961
INFO:root:=======> Value counts of labeled data on training set = 0.3028095733610822
INFO:root:=======> Value counts of labeled data on test set = 0.0017321489179921118
INFO:root:=======> Length of full training dataframe = 199364
INFO:root:

INFO:root:=======> Training model_cluster on clustered data
INFO:root:=======> RF training time for clustered data = 16.480913877487183
INFO:root:

INFO:root:=======> Training model on Full data
INFO:root:=======> RF training time for full data = 95.05713891983032
INFO:root:




