// Not patch
INFO:root:Train:
INFO:root:=======> Reading Data...
INFO:root:=======> Read Data time = 1.303252935409546
INFO:root:

INFO:root:=======> Splitting Data into Train/Test...
INFO:root:=======> Split time = 0.13807320594787598
INFO:root:

INFO:root:=======> Running DBSCAN Clustering and filtering for classification...
INFO:root:=======> DBSCAN Clustering time = 158.0784878730774
INFO:root:

INFO:root:=======> Length of training dataframe post clustering = 961
INFO:root:=======> Value counts of labeled data on training set = 0.3028095733610822
INFO:root:=======> Value counts of labeled data on test set = 0.0017321489179921118
INFO:root:=======> Length of full training dataframe = 199364
INFO:root:

INFO:root:=======> Training model_cluster on clustered data
INFO:root:=======> RF training time for clustered data = 0.14949727058410645
INFO:root:

INFO:root:=======> Training model on Full data
INFO:root:=======> RF training time for full data = 25.10053586959839
INFO:root:



// patch
INFO:root:Train:
INFO:root:=======> Reading Data...
INFO:root:=======> Read Data time = 1.2898433208465576
INFO:root:

INFO:root:=======> Splitting Data into Train/Test...
INFO:root:sklearn.utils.validation._assert_all_finite: fallback to original Scikit-learn
INFO:root:sklearn.utils.validation._assert_all_finite: fallback to original Scikit-learn
INFO:root:sklearn.model_selection.train_test_split: running accelerated version on CPU
INFO:root:sklearn.model_selection.train_test_split: running accelerated version on CPU
INFO:root:=======> Split time = 0.12367057800292969
INFO:root:

INFO:root:=======> Running DBSCAN Clustering and filtering for classification...
INFO:root:sklearn.utils.validation._assert_all_finite: running accelerated version on CPU
INFO:root:sklearn.utils.validation._assert_all_finite: running accelerated version on CPU
INFO:root:sklearn.cluster.DBSCAN.fit: running accelerated version on CPU
INFO:root:sklearn.utils.validation._assert_all_finite: running accelerated version on CPU
INFO:root:=======> DBSCAN Clustering time = 5.716632127761841
INFO:root:

INFO:root:=======> Length of training dataframe post clustering = 961
INFO:root:=======> Value counts of labeled data on training set = 0.3028095733610822
INFO:root:=======> Value counts of labeled data on test set = 0.0017321489179921118
INFO:root:=======> Length of full training dataframe = 199364
INFO:root:

INFO:root:=======> Training model_cluster on clustered data
INFO:root:sklearn.ensemble.RandomForestClassifier.fit: running accelerated version on CPU
INFO:root:=======> RF training time for clustered data = 1.1517698764801025
INFO:root:

INFO:root:=======> Training model on Full data
INFO:root:sklearn.utils.validation._assert_all_finite: running accelerated version on CPU
INFO:root:sklearn.ensemble.RandomForestClassifier.fit: running accelerated version on CPU
INFO:root:sklearn.utils.validation._assert_all_finite: fallback to original Scikit-learn
INFO:root:=======> RF training time for full data = 0.9595606327056885
INFO:root:




