// Not patch
INFO:root:Hyper:
INFO:root:=======> Reading Data...
INFO:root:=======> Read Data time = 1.169743299484253
INFO:root:

INFO:root:=======> Split time = 0.11763620376586914
INFO:root:

INFO:root:=======> Running DBSCAN Clustering and filtering for classification...
INFO:root:=======> DBSCAN Clustering time = 159.3283896446228
INFO:root:

INFO:root:=======> Length of training dataframe post clustering = 961
INFO:root:=======> Value counts of labeled data on training set = 0.3028095733610822
INFO:root:=======> Value counts of labeled data on test set = 0.0017321489179921118
INFO:root:=======> Length of full training dataframe = 199364
INFO:root:

INFO:root:=======> Training model_cluster on clustered data
INFO:root:=======> RF training time for clustered data = 18.711332321166992
INFO:root:

INFO:root:=======> Training model on Full data
INFO:root:=======> RF training time for full data = 3150.8567323684692
INFO:root:



// patch
INFO:root:Hyper:
INFO:root:=======> Reading Data...
INFO:root:=======> Read Data time = 1.1419131755828857
INFO:root:

DEBUG:root:sklearn.utils.validation._assert_all_finite: debugging for the patch is enabled to track the usage of Intel® oneAPI Data Analytics Library (oneDAL)
DEBUG:root:sklearn.utils.validation._assert_all_finite: patching failed with cause - X dtype is not float32 or float64.
INFO:root:sklearn.utils.validation._assert_all_finite: fallback to original Scikit-learn
DEBUG:root:sklearn.utils.validation._assert_all_finite: debugging for the patch is enabled to track the usage of Intel® oneAPI Data Analytics Library (oneDAL)
DEBUG:root:sklearn.utils.validation._assert_all_finite: patching failed with cause - X dtype is not float32 or float64.
INFO:root:sklearn.utils.validation._assert_all_finite: fallback to original Scikit-learn
INFO:root:sklearn.model_selection.train_test_split: running accelerated version on CPU
INFO:root:sklearn.model_selection.train_test_split: running accelerated version on CPU
INFO:root:=======> Split time = 0.16492700576782227
INFO:root:

INFO:root:=======> Running DBSCAN Clustering and filtering for classification...
INFO:root:sklearn.utils.validation._assert_all_finite: running accelerated version on CPU
INFO:root:sklearn.utils.validation._assert_all_finite: running accelerated version on CPU
INFO:root:sklearn.cluster.DBSCAN.fit: running accelerated version on CPU
INFO:root:sklearn.utils.validation._assert_all_finite: running accelerated version on CPU
INFO:root:=======> DBSCAN Clustering time = 15.608468532562256
INFO:root:

INFO:root:=======> Length of training dataframe post clustering = 961
INFO:root:=======> Value counts of labeled data on training set = 0.3028095733610822
INFO:root:=======> Value counts of labeled data on test set = 0.0017321489179921118
INFO:root:=======> Length of full training dataframe = 199364
INFO:root:

INFO:root:=======> Training model_cluster on clustered data
INFO:root:=======> RF training time for clustered data = 26.42680597305298
INFO:root:

INFO:root:=======> Training model on Full data
INFO:root:=======> RF training time for full data = 162.0327799320221
INFO:root:




