// Not patch
INFO:root:Train:
INFO:root:=======> Reading Data...
INFO:root:=======> Read Data time = 1.1547327041625977
INFO:root:

INFO:root:=======> Splitting Data into Train/Test...
INFO:root:=======> Split time = 0.1055455207824707
INFO:root:

INFO:root:=======> Running DBSCAN Clustering and filtering for classification...
INFO:root:=======> DBSCAN Clustering time = 174.01222157478333
INFO:root:

INFO:root:=======> Length of training dataframe post clustering = 961
INFO:root:=======> Value counts of labeled data on training set = 0.3028095733610822
INFO:root:=======> Value counts of labeled data on test set = 0.0017321489179921118
INFO:root:=======> Length of full training dataframe = 199364
INFO:root:

INFO:root:=======> Training model_cluster on clustered data
INFO:root:=======> RF training time for clustered data = 0.17116641998291016
INFO:root:

INFO:root:=======> Training model on Full data
INFO:root:=======> RF training time for full data = 29.383955717086792
INFO:root:



// patch
INFO:root:Train:
INFO:root:=======> Reading Data...
INFO:root:=======> Read Data time = 1.1764307022094727
INFO:root:

INFO:root:=======> Splitting Data into Train/Test...
INFO:root:sklearn.utils.validation._assert_all_finite: fallback to original Scikit-learn
INFO:root:sklearn.utils.validation._assert_all_finite: fallback to original Scikit-learn
INFO:root:sklearn.model_selection.train_test_split: running accelerated version on CPU
INFO:root:sklearn.model_selection.train_test_split: running accelerated version on CPU
INFO:root:=======> Split time = 0.175828218460083
INFO:root:

INFO:root:=======> Running DBSCAN Clustering and filtering for classification...
INFO:root:sklearn.utils.validation._assert_all_finite: running accelerated version on CPU
INFO:root:sklearn.utils.validation._assert_all_finite: running accelerated version on CPU
INFO:root:sklearn.cluster.DBSCAN.fit: running accelerated version on CPU
INFO:root:sklearn.utils.validation._assert_all_finite: running accelerated version on CPU
INFO:root:=======> DBSCAN Clustering time = 21.695075511932373
INFO:root:

INFO:root:=======> Length of training dataframe post clustering = 961
INFO:root:=======> Value counts of labeled data on training set = 0.3028095733610822
INFO:root:=======> Value counts of labeled data on test set = 0.0017321489179921118
INFO:root:=======> Length of full training dataframe = 199364
INFO:root:

INFO:root:=======> Training model_cluster on clustered data
INFO:root:sklearn.ensemble.RandomForestClassifier.fit: running accelerated version on CPU
INFO:root:=======> RF training time for clustered data = 0.289278507232666
INFO:root:

INFO:root:=======> Training model on Full data
INFO:root:sklearn.utils.validation._assert_all_finite: running accelerated version on CPU
INFO:root:sklearn.ensemble.RandomForestClassifier.fit: running accelerated version on CPU
INFO:root:sklearn.utils.validation._assert_all_finite: fallback to original Scikit-learn
INFO:root:=======> RF training time for full data = 1.3922874927520752
INFO:root:




